<?xml version="1.0" encoding="UTF-8"?>
<!-- Generated by org.testng.reporters.JUnitXMLReporter -->
<testsuite ignored="6" hostname="DESKTOP-QJ8EISD" failures="0" tests="1" name="Default test" time="112.498" errors="0" timestamp="04 Jun 2024 09:57:26 GMT">
  <testcase classname="com.HMS.LifeLink.PatientTest" name="Patient_Test" time="108.908"/>
  <testcase classname="com.HMS.LifeLink.PatientTest" name="changePassword" time="0.0">
    <ignored/>
  </testcase> <!-- changePassword -->
  <testcase classname="com.HMS.LifeLink.PatientTest" name="contactUs" time="0.0">
    <ignored/>
  </testcase> <!-- contactUs -->
  <testcase classname="com.HMS.LifeLink.PatientTest" name="cancelApp" time="0.0">
    <ignored/>
  </testcase> <!-- cancelApp -->
  <testcase classname="com.HMS.LifeLink.PatientTest" name="updateProfile" time="0.0">
    <ignored/>
  </testcase> <!-- updateProfile -->
  <testcase classname="com.HMS.LifeLink.PatientTest" name="test" time="0.0">
    <ignored/>
  </testcase> <!-- test -->
  <testcase classname="com.HMS.LifeLink.PatientTest" name="medHist" time="0.0">
    <ignored/>
  </testcase> <!-- medHist -->
</testsuite> <!-- Default test -->
